[6.296s] DEBUG:colcon:Command line arguments: ['/usr/bin/colcon', 'build']
[6.297s] DEBUG:colcon:Parsed command line arguments: Namespace(allow_overriding=[], ament_cmake_args=None, base_paths=['.'], build_base='build', catkin_cmake_args=None, catkin_skip_building_tests=False, cmake_args=None, cmake_clean_cache=False, cmake_clean_first=False, cmake_force_configure=False, cmake_target=None, cmake_target_skip_unavailable=False, continue_on_error=False, event_handlers=None, executor='parallel', ignore_user_meta=False, install_base='install', log_base=None, log_level=None, main=<bound method BuildVerb.main of <colcon_core.verb.build.BuildVerb object at 0x7fbdef11be50>>, merge_install=False, metas=['./colcon.meta'], packages_above=None, packages_above_and_dependencies=None, packages_above_depth=None, packages_end=None, packages_ignore=None, packages_ignore_regex=None, packages_select=None, packages_select_build_failed=False, packages_select_by_dep=None, packages_select_regex=None, packages_select_test_failures=False, packages_skip=None, packages_skip_build_finished=False, packages_skip_by_dep=None, packages_skip_regex=None, packages_skip_test_passed=False, packages_skip_up_to=None, packages_start=None, packages_up_to=None, packages_up_to_regex=None, parallel_workers=2, paths=None, symlink_install=False, test_result_base=None, verb_extension=<colcon_core.verb.build.BuildVerb object at 0x7fbdef11be50>, verb_name='build', verb_parser=<colcon_defaults.argument_parser.defaults.DefaultArgumentsDecorator object at 0x7fbdef12a2e0>)
[6.664s] Level 1:colcon.colcon_core.package_discovery:discover_packages(colcon_meta) check parameters
[6.664s] Level 1:colcon.colcon_core.package_discovery:discover_packages(recursive) check parameters
[6.664s] Level 1:colcon.colcon_core.package_discovery:discover_packages(ignore) check parameters
[6.665s] Level 1:colcon.colcon_core.package_discovery:discover_packages(path) check parameters
[6.665s] Level 1:colcon.colcon_core.package_discovery:discover_packages(colcon_meta) discover
[6.665s] Level 1:colcon.colcon_core.package_discovery:discover_packages(recursive) discover
[6.665s] INFO:colcon.colcon_core.package_discovery:Crawling recursively for packages in '/home/deepracer/Desktop/ros2_ws/src/deep-racer-speed-racer/teleop_pkg/teleop_pkg'
[6.665s] Level 1:colcon.colcon_core.package_identification:_identify(.) by extensions ['ignore', 'ignore_ament_install']
[6.666s] Level 1:colcon.colcon_core.package_identification:_identify(.) by extension 'ignore'
[6.666s] Level 1:colcon.colcon_core.package_identification:_identify(.) by extension 'ignore_ament_install'
[6.667s] Level 1:colcon.colcon_core.package_identification:_identify(.) by extensions ['colcon_pkg']
[6.667s] Level 1:colcon.colcon_core.package_identification:_identify(.) by extension 'colcon_pkg'
[6.668s] Level 1:colcon.colcon_core.package_identification:_identify(.) by extensions ['colcon_meta']
[6.668s] Level 1:colcon.colcon_core.package_identification:_identify(.) by extension 'colcon_meta'
[6.668s] Level 1:colcon.colcon_core.package_identification:_identify(.) by extensions ['ros']
[6.669s] Level 1:colcon.colcon_core.package_identification:_identify(.) by extension 'ros'
[6.821s] Level 1:colcon.colcon_core.package_identification:_identify(.) by extensions ['cmake', 'python']
[6.822s] Level 1:colcon.colcon_core.package_identification:_identify(.) by extension 'cmake'
[6.822s] Level 1:colcon.colcon_core.package_identification:_identify(.) by extension 'python'
[6.822s] Level 1:colcon.colcon_core.package_identification:_identify(.) by extensions ['python_setup_py']
[6.822s] Level 1:colcon.colcon_core.package_identification:_identify(.) by extension 'python_setup_py'
[6.825s] Level 1:colcon.colcon_core.package_identification:_identify(build) by extensions ['ignore', 'ignore_ament_install']
[6.825s] Level 1:colcon.colcon_core.package_identification:_identify(build) by extension 'ignore'
[6.826s] Level 1:colcon.colcon_core.package_identification:_identify(build) ignored
[6.826s] Level 1:colcon.colcon_core.package_identification:_identify(install) by extensions ['ignore', 'ignore_ament_install']
[6.827s] Level 1:colcon.colcon_core.package_identification:_identify(install) by extension 'ignore'
[6.827s] Level 1:colcon.colcon_core.package_identification:_identify(install) ignored
[6.827s] Level 1:colcon.colcon_core.package_identification:_identify(log) by extensions ['ignore', 'ignore_ament_install']
[6.828s] Level 1:colcon.colcon_core.package_identification:_identify(log) by extension 'ignore'
[6.828s] Level 1:colcon.colcon_core.package_identification:_identify(log) ignored
[6.828s] Level 1:colcon.colcon_core.package_discovery:discover_packages(recursive) using defaults
[6.828s] Level 1:colcon.colcon_core.package_discovery:discover_packages(ignore) discover
[6.828s] Level 1:colcon.colcon_core.package_discovery:discover_packages(ignore) using defaults
[6.841s] Level 1:colcon.colcon_core.package_discovery:discover_packages(path) discover
[6.842s] Level 1:colcon.colcon_core.package_discovery:discover_packages(path) using defaults
[7.404s] Level 1:colcon.colcon_core.package_discovery:discover_packages(prefix_path) check parameters
[7.404s] Level 1:colcon.colcon_core.package_discovery:discover_packages(prefix_path) discover
[7.451s] DEBUG:colcon.colcon_installed_package_information.package_discovery:Found 1 installed packages in /home/deepracer/Desktop/ros2_ws/install
[7.473s] DEBUG:colcon.colcon_installed_package_information.package_discovery:Found 18 installed packages in /opt/aws/deepracer/lib
[7.479s] Level 1:colcon.colcon_core.package_discovery:discover_packages(prefix_path) using defaults
[7.506s] INFO:colcon.colcon_core.executor:Executing jobs using 'parallel' executor
[7.519s] DEBUG:colcon.colcon_parallel_executor.executor.parallel:run_until_complete
[7.520s] DEBUG:colcon.colcon_parallel_executor.executor.parallel:closing loop
[7.520s] DEBUG:colcon.colcon_parallel_executor.executor.parallel:loop closed
[7.520s] DEBUG:colcon.colcon_parallel_executor.executor.parallel:run_until_complete finished with '0'
[7.521s] DEBUG:colcon.colcon_core.event_reactor:joining thread
[7.579s] INFO:colcon.colcon_core.plugin_system:Skipping extension 'colcon_notification.desktop_notification.terminal_notifier': Not used on non-Darwin systems
[7.581s] INFO:colcon.colcon_core.plugin_system:Skipping extension 'colcon_notification.desktop_notification.win32': Not used on non-Windows systems
[7.582s] INFO:colcon.colcon_notification.desktop_notification:Sending desktop notification using 'notify2'
[7.627s] DEBUG:colcon.colcon_notification.desktop_notification.notify2:Failed to initialize notify2: org.freedesktop.DBus.Error.ServiceUnknown: The name org.freedesktop.Notifications was not provided by any .service files
[7.628s] DEBUG:colcon.colcon_core.event_reactor:joined thread
[7.816s] INFO:colcon.colcon_core.plugin_system:Skipping extension 'colcon_core.shell.bat': Not used on non-Windows systems
[7.817s] INFO:colcon.colcon_core.shell:Creating prefix script '/home/deepracer/Desktop/ros2_ws/src/deep-racer-speed-racer/teleop_pkg/teleop_pkg/install/local_setup.ps1'
[7.835s] INFO:colcon.colcon_core.shell:Creating prefix util module '/home/deepracer/Desktop/ros2_ws/src/deep-racer-speed-racer/teleop_pkg/teleop_pkg/install/_local_setup_util_ps1.py'
[7.844s] INFO:colcon.colcon_core.shell:Creating prefix chain script '/home/deepracer/Desktop/ros2_ws/src/deep-racer-speed-racer/teleop_pkg/teleop_pkg/install/setup.ps1'
[7.862s] INFO:colcon.colcon_core.shell:Creating prefix script '/home/deepracer/Desktop/ros2_ws/src/deep-racer-speed-racer/teleop_pkg/teleop_pkg/install/local_setup.sh'
[7.871s] INFO:colcon.colcon_core.shell:Creating prefix util module '/home/deepracer/Desktop/ros2_ws/src/deep-racer-speed-racer/teleop_pkg/teleop_pkg/install/_local_setup_util_sh.py'
[7.877s] INFO:colcon.colcon_core.shell:Creating prefix chain script '/home/deepracer/Desktop/ros2_ws/src/deep-racer-speed-racer/teleop_pkg/teleop_pkg/install/setup.sh'
[7.901s] INFO:colcon.colcon_core.shell:Creating prefix script '/home/deepracer/Desktop/ros2_ws/src/deep-racer-speed-racer/teleop_pkg/teleop_pkg/install/local_setup.bash'
[7.908s] INFO:colcon.colcon_core.shell:Creating prefix chain script '/home/deepracer/Desktop/ros2_ws/src/deep-racer-speed-racer/teleop_pkg/teleop_pkg/install/setup.bash'
[7.928s] INFO:colcon.colcon_core.shell:Creating prefix script '/home/deepracer/Desktop/ros2_ws/src/deep-racer-speed-racer/teleop_pkg/teleop_pkg/install/local_setup.zsh'
[7.937s] INFO:colcon.colcon_core.shell:Creating prefix chain script '/home/deepracer/Desktop/ros2_ws/src/deep-racer-speed-racer/teleop_pkg/teleop_pkg/install/setup.zsh'
